
 /----------------------------------------------------------------------------\
 |  yosys -- Yosys Open SYnthesis Suite                                       |
 |  Copyright (C) 2012 - 2026  Claire Xenia Wolf <claire@yosyshq.com>         |
 |  Distributed under an ISC-like license, type "license" to see terms        |
 \----------------------------------------------------------------------------/
 Yosys 0.63+87 (git sha1 2f1cdc2df, clang++ 18.1.8 -fPIC -O3)

-- Executing script file `design_prep.ys' --

1. Executing RTLIL frontend.
Input filename: design.il

2. Executing SCC pass (detecting logic loops).
Found 0 SCCs in module Compare_ptrs.
Found 0 SCCs in module DD_SYN.
Found 0 SCCs in module FIFO_MEM.
Found 0 SCCs in module FIFO_TOP.
Found 0 SCCs in module fifo_formal.
Found 0 SCCs in module rd_ptr_empty.
Found 0 SCCs in module wrt_ptr_full.
Found 0 SCCs.

3. Executing SIMPLEMAP pass (map simple cells to gate primitives).

4. Executing MEMORY_NORDFF pass (extracting $dff cells from memories).

5. Executing ASYNC2SYNC pass.
Replacing DD_SYN.$procdff$93 ($adff): ARST=\rst_n, D=\sync1, Q=\sync_data
Replacing DD_SYN.$procdff$98 ($adff): ARST=\rst_n, D=\unsync_data, Q=\sync1
Replacing rd_ptr_empty.$procdff$88 ($adff): ARST=\rst, D=$0\rd_ptr[4:0], Q=\rd_ptr
Replacing wrt_ptr_full.$procdff$83 ($adff): ARST=\rst_n, D=$0\wrt_ptr[4:0], Q=\wrt_ptr

6. Executing OPT_CLEAN pass (remove unused cells and wires).
Finding unused cells or wires in module \Compare_ptrs..
Finding unused cells or wires in module \DD_SYN..
Finding unused cells or wires in module \FIFO_MEM..
Finding unused cells or wires in module \FIFO_TOP..
Finding unused cells or wires in module \fifo_formal..
Finding unused cells or wires in module \rd_ptr_empty..
Finding unused cells or wires in module \wrt_ptr_full..
Removed 27 unused cells and 27 unused wires.
<suppressed ~28 debug messages>

7. Executing FORMALFF pass.

8. Executing OPT_CLEAN pass (remove unused cells and wires).
Finding unused cells or wires in module \Compare_ptrs..
Finding unused cells or wires in module \DD_SYN..
Finding unused cells or wires in module \FIFO_MEM..
Finding unused cells or wires in module \FIFO_TOP..
Finding unused cells or wires in module \fifo_formal..
Finding unused cells or wires in module \rd_ptr_empty..
Finding unused cells or wires in module \wrt_ptr_full..
Removed 14 unused cells and 14 unused wires.
<suppressed ~20 debug messages>

9. Executing CHECK pass (checking for obvious problems).
Checking module Compare_ptrs...
Checking module DD_SYN...
Checking module FIFO_MEM...
Checking module FIFO_TOP...
Checking module fifo_formal...
Warning: Wire fifo_formal.\dut.wrt_ptr is used but has no driver.
Checking module rd_ptr_empty...
Checking module wrt_ptr_full...
Found and reported 1 problems.

10. Executing SETUNDEF pass (replace undef values with defined constants).

11. Executing OPT pass (performing simple optimizations).

11.1. Executing OPT_EXPR pass (perform const folding).
Optimizing module Compare_ptrs.
Optimizing module DD_SYN.
Optimizing module FIFO_MEM.
Optimizing module FIFO_TOP.
Optimizing module fifo_formal.
<suppressed ~2 debug messages>
Optimizing module rd_ptr_empty.
Optimizing module wrt_ptr_full.

11.2. Executing OPT_MERGE pass (detect identical cells).
Finding identical cells in module `\Compare_ptrs'.
Computing hashes of 6 cells of `\Compare_ptrs'.
Finding duplicate cells in `\Compare_ptrs'.
Finding identical cells in module `\DD_SYN'.
Computing hashes of 6 cells of `\DD_SYN'.
Finding duplicate cells in `\DD_SYN'.
Finding identical cells in module `\FIFO_MEM'.
Computing hashes of 8 cells of `\FIFO_MEM'.
Finding duplicate cells in `\FIFO_MEM'.
Finding identical cells in module `\FIFO_TOP'.
Computing hashes of 6 cells of `\FIFO_TOP'.
Finding duplicate cells in `\FIFO_TOP'.
Finding identical cells in module `\fifo_formal'.
Computing hashes of 21 cells of `\fifo_formal'.
Finding duplicate cells in `\fifo_formal'.
Computing hashes of 19 cells of `\fifo_formal'.
Finding duplicate cells in `\fifo_formal'.
<suppressed ~6 debug messages>
Finding identical cells in module `\rd_ptr_empty'.
Computing hashes of 8 cells of `\rd_ptr_empty'.
Finding duplicate cells in `\rd_ptr_empty'.
Finding identical cells in module `\wrt_ptr_full'.
Computing hashes of 8 cells of `\wrt_ptr_full'.
Finding duplicate cells in `\wrt_ptr_full'.
Removed a total of 2 cells.

11.3. Executing OPT_DFF pass (perform DFF optimizations).

11.4. Executing OPT_CLEAN pass (remove unused cells and wires).
Finding unused cells or wires in module \Compare_ptrs..
Finding unused cells or wires in module \DD_SYN..
Finding unused cells or wires in module \FIFO_MEM..
Finding unused cells or wires in module \FIFO_TOP..
Finding unused cells or wires in module \fifo_formal..
Finding unused cells or wires in module \rd_ptr_empty..
Finding unused cells or wires in module \wrt_ptr_full..
Removed 0 unused cells and 5 unused wires.
<suppressed ~1 debug messages>

11.5. Finished fast OPT passes.

12. Executing OPT_CLEAN pass (remove unused cells and wires).
Finding unused cells or wires in module \Compare_ptrs..
Finding unused cells or wires in module \DD_SYN..
Finding unused cells or wires in module \FIFO_MEM..
Finding unused cells or wires in module \FIFO_TOP..
Finding unused cells or wires in module \fifo_formal..
Finding unused cells or wires in module \rd_ptr_empty..
Finding unused cells or wires in module \wrt_ptr_full..
Removed 0 unused cells and 6 unused wires.
<suppressed ~4 debug messages>

13. Executing RTLIL backend.
Output filename: ../model/design_prep.il

Warnings: 1 unique messages, 1 total
End of script. Logfile hash: 3053d813b2, CPU: user 0.01s system 0.01s, MEM: 15.64 MB peak
Yosys 0.63+87 (git sha1 2f1cdc2df, clang++ 18.1.8 -fPIC -O3)
Time spent: 27% 1x setundef (0 sec), 25% 4x opt_clean (0 sec), ...
