TRACE::2026-02-15.12:19:12::SCWBifWriter::Found the complete platform D:/Vitis/lab_1_task_1/export/lab_1_task_1/lab_1_task_1.xpfm
TRACE::2026-02-15.12:19:12::SCWBifWriter::hardware databse : task_1_wrapper_3
TRACE::2026-02-15.12:19:12::SCWBifWriter::bitstream found in the design
TRACE::2026-02-15.12:19:12::SCWBifWriter::Found a baremetal domain, proc: ps7_cortexa9_0
TRACE::2026-02-15.12:19:12::SCWBifWriter::proc type : 
TRACE::2026-02-15.12:19:12::SCWBifWriter::proc[0] : ps7_cortexa9_0
TRACE::2026-02-15.12:19:12::SCWBifWriter::Device type is : zynq
TRACE::2026-02-15.12:19:12::SCWBifWriter::Writing BIF to file : D:/Vitis/hello_shimy_system/Debug/system.bif
TRACE::2026-02-15.12:19:12::SCWBifWriter::Writing the Zynq Baremetal bif 
TRACE::2026-02-15.12:45:34::SCWBifWriter::Found the complete platform D:/Vitis/lab_1_task_1/export/lab_1_task_1/lab_1_task_1.xpfm
TRACE::2026-02-15.12:45:34::SCWBifWriter::hardware databse : task_1_wrapper_3
TRACE::2026-02-15.12:45:34::SCWBifWriter::bitstream found in the design
TRACE::2026-02-15.12:45:34::SCWBifWriter::Found a baremetal domain, proc: ps7_cortexa9_0
TRACE::2026-02-15.12:45:34::SCWBifWriter::proc type : 
TRACE::2026-02-15.12:45:34::SCWBifWriter::proc[0] : ps7_cortexa9_0
TRACE::2026-02-15.12:45:34::SCWBifWriter::Device type is : zynq
TRACE::2026-02-15.12:45:34::SCWBifWriter::Writing BIF to file : D:/Vitis/hello_shimy_system/Debug/system.bif
TRACE::2026-02-15.12:45:34::SCWBifWriter::Writing the Zynq Baremetal bif 
TRACE::2026-02-20.21:26:28::SCWBifWriter::Found the complete platform D:/Vitis/lab_1_task_1/export/lab_1_task_1/lab_1_task_1.xpfm
TRACE::2026-02-20.21:26:28::SCWBifWriter::hardware databse : task_1_wrapper_0
TRACE::2026-02-20.21:26:28::SCWBifWriter::bitstream found in the design
TRACE::2026-02-20.21:26:28::SCWBifWriter::Found a baremetal domain, proc: ps7_cortexa9_0
TRACE::2026-02-20.21:26:28::SCWBifWriter::proc type : 
TRACE::2026-02-20.21:26:28::SCWBifWriter::proc[0] : ps7_cortexa9_0
TRACE::2026-02-20.21:26:28::SCWBifWriter::Device type is : zynq
TRACE::2026-02-20.21:26:28::SCWBifWriter::Writing BIF to file : D:/Vitis/hello_shimy_system/Debug/system.bif
TRACE::2026-02-20.21:26:28::SCWBifWriter::Writing the Zynq Baremetal bif 
TRACE::2026-02-20.21:28:16::SCWBifWriter::Found the complete platform D:/Vitis/lab_1_task_1/export/lab_1_task_1/lab_1_task_1.xpfm
TRACE::2026-02-20.21:28:16::SCWBifWriter::hardware databse : task_1_wrapper_0
TRACE::2026-02-20.21:28:16::SCWBifWriter::bitstream found in the design
TRACE::2026-02-20.21:28:16::SCWBifWriter::Found a baremetal domain, proc: ps7_cortexa9_0
TRACE::2026-02-20.21:28:16::SCWBifWriter::proc type : 
TRACE::2026-02-20.21:28:16::SCWBifWriter::proc[0] : ps7_cortexa9_0
TRACE::2026-02-20.21:28:16::SCWBifWriter::Device type is : zynq
TRACE::2026-02-20.21:28:16::SCWBifWriter::Writing BIF to file : D:/Vitis/hello_shimy_system/Debug/system.bif
TRACE::2026-02-20.21:28:16::SCWBifWriter::Writing the Zynq Baremetal bif 
TRACE::2026-02-21.10:07:44::SCWBifWriter::Found the complete platform D:/Vitis/lab_1_task_1/export/lab_1_task_1/lab_1_task_1.xpfm
TRACE::2026-02-21.10:07:44::SCWBifWriter::hardware databse : task_1_wrapper
TRACE::2026-02-21.10:07:44::SCWBifWriter::bitstream found in the design
TRACE::2026-02-21.10:07:44::SCWBifWriter::Found a baremetal domain, proc: ps7_cortexa9_0
TRACE::2026-02-21.10:07:44::SCWBifWriter::proc type : 
TRACE::2026-02-21.10:07:44::SCWBifWriter::proc[0] : ps7_cortexa9_0
TRACE::2026-02-21.10:07:44::SCWBifWriter::Device type is : zynq
TRACE::2026-02-21.10:07:44::SCWBifWriter::Writing BIF to file : D:/Vitis/hello_shimy_system/Debug/system.bif
TRACE::2026-02-21.10:07:44::SCWBifWriter::Writing the Zynq Baremetal bif 
TRACE::2026-02-21.13:02:52::SCWBifWriter::Found the complete platform D:/Vitis/lab_1_task_1/export/lab_1_task_1/lab_1_task_1.xpfm
TRACE::2026-02-21.13:02:52::SCWBifWriter::hardware databse : task_1_wrapper
TRACE::2026-02-21.13:02:52::SCWBifWriter::bitstream found in the design
TRACE::2026-02-21.13:02:52::SCWBifWriter::Found a baremetal domain, proc: ps7_cortexa9_0
TRACE::2026-02-21.13:02:52::SCWBifWriter::proc type : 
TRACE::2026-02-21.13:02:52::SCWBifWriter::proc[0] : ps7_cortexa9_0
TRACE::2026-02-21.13:02:52::SCWBifWriter::Device type is : zynq
TRACE::2026-02-21.13:02:52::SCWBifWriter::Writing BIF to file : D:/Vitis/hello_shimy_system/Debug/system.bif
TRACE::2026-02-21.13:02:52::SCWBifWriter::Writing the Zynq Baremetal bif 
TRACE::2026-02-21.13:06:36::SCWBifWriter::Found the complete platform D:/Vitis/lab_1_task_1/export/lab_1_task_1/lab_1_task_1.xpfm
TRACE::2026-02-21.13:06:36::SCWBifWriter::hardware databse : task_1_wrapper
TRACE::2026-02-21.13:06:36::SCWBifWriter::bitstream found in the design
TRACE::2026-02-21.13:06:36::SCWBifWriter::Found a baremetal domain, proc: ps7_cortexa9_0
TRACE::2026-02-21.13:06:36::SCWBifWriter::proc type : 
TRACE::2026-02-21.13:06:36::SCWBifWriter::proc[0] : ps7_cortexa9_0
TRACE::2026-02-21.13:06:36::SCWBifWriter::Device type is : zynq
TRACE::2026-02-21.13:06:36::SCWBifWriter::Writing BIF to file : D:/Vitis/hello_shimy_system/Debug/system.bif
TRACE::2026-02-21.13:06:36::SCWBifWriter::Writing the Zynq Baremetal bif 
TRACE::2026-02-21.13:16:18::SCWBifWriter::Found the complete platform D:/Vitis/lab_1_task_1/export/lab_1_task_1/lab_1_task_1.xpfm
TRACE::2026-02-21.13:16:18::SCWBifWriter::hardware databse : task_1_wrapper
TRACE::2026-02-21.13:16:18::SCWBifWriter::bitstream found in the design
TRACE::2026-02-21.13:16:18::SCWBifWriter::Found a baremetal domain, proc: ps7_cortexa9_0
TRACE::2026-02-21.13:16:18::SCWBifWriter::proc type : 
TRACE::2026-02-21.13:16:18::SCWBifWriter::proc[0] : ps7_cortexa9_0
TRACE::2026-02-21.13:16:18::SCWBifWriter::Device type is : zynq
TRACE::2026-02-21.13:16:18::SCWBifWriter::Writing BIF to file : D:/Vitis/hello_shimy_system/Debug/system.bif
TRACE::2026-02-21.13:16:18::SCWBifWriter::Writing the Zynq Baremetal bif 
TRACE::2026-02-22.09:02:11::SCWBifWriter::Found the complete platform D:/Vitis/lab_1_task_1/export/lab_1_task_1/lab_1_task_1.xpfm
TRACE::2026-02-22.09:02:11::SCWBifWriter::hardware databse : task_1_wrapper
TRACE::2026-02-22.09:02:11::SCWBifWriter::bitstream found in the design
TRACE::2026-02-22.09:02:11::SCWBifWriter::Found a baremetal domain, proc: ps7_cortexa9_0
TRACE::2026-02-22.09:02:11::SCWBifWriter::proc type : 
TRACE::2026-02-22.09:02:11::SCWBifWriter::proc[0] : ps7_cortexa9_0
TRACE::2026-02-22.09:02:11::SCWBifWriter::Device type is : zynq
TRACE::2026-02-22.09:02:11::SCWBifWriter::Writing BIF to file : D:/Vitis/hello_shimy_system/Debug/system.bif
TRACE::2026-02-22.09:02:11::SCWBifWriter::Writing the Zynq Baremetal bif 
