TRACE::2026-02-21.16:26:09::SCWBifWriter::Found the complete platform D:/Vitis/task_0/export/task_0/task_0.xpfm
TRACE::2026-02-21.16:26:10::SCWBifWriter::hardware databse : task_0_wrapper_1
TRACE::2026-02-21.16:26:10::SCWBifWriter::bitstream found in the design
TRACE::2026-02-21.16:26:10::SCWBifWriter::Found a baremetal domain, proc: ps7_cortexa9_0
TRACE::2026-02-21.16:26:10::SCWBifWriter::proc type : 
TRACE::2026-02-21.16:26:10::SCWBifWriter::proc[0] : ps7_cortexa9_0
TRACE::2026-02-21.16:26:10::SCWBifWriter::Device type is : zynq
TRACE::2026-02-21.16:26:10::SCWBifWriter::Writing BIF to file : D:/Vitis/conv_read_system/Debug/system.bif
TRACE::2026-02-21.16:26:10::SCWBifWriter::Writing the Zynq Baremetal bif 
TRACE::2026-02-21.16:27:58::SCWBifWriter::Found the complete platform D:/Vitis/task_0/export/task_0/task_0.xpfm
TRACE::2026-02-21.16:27:58::SCWBifWriter::hardware databse : task_0_wrapper_1
TRACE::2026-02-21.16:27:58::SCWBifWriter::bitstream found in the design
TRACE::2026-02-21.16:27:58::SCWBifWriter::Found a baremetal domain, proc: ps7_cortexa9_0
TRACE::2026-02-21.16:27:58::SCWBifWriter::proc type : 
TRACE::2026-02-21.16:27:58::SCWBifWriter::proc[0] : ps7_cortexa9_0
TRACE::2026-02-21.16:27:58::SCWBifWriter::Device type is : zynq
TRACE::2026-02-21.16:27:58::SCWBifWriter::Writing BIF to file : D:/Vitis/conv_read_system/Debug/system.bif
TRACE::2026-02-21.16:27:58::SCWBifWriter::Writing the Zynq Baremetal bif 
TRACE::2026-02-22.08:55:17::SCWBifWriter::Found the complete platform D:/Vitis/task_0/export/task_0/task_0.xpfm
TRACE::2026-02-22.08:55:17::SCWBifWriter::hardware databse : task_0_wrapper
TRACE::2026-02-22.08:55:17::SCWBifWriter::bitstream found in the design
TRACE::2026-02-22.08:55:17::SCWBifWriter::Found a baremetal domain, proc: ps7_cortexa9_0
TRACE::2026-02-22.08:55:17::SCWBifWriter::proc type : 
TRACE::2026-02-22.08:55:17::SCWBifWriter::proc[0] : ps7_cortexa9_0
TRACE::2026-02-22.08:55:17::SCWBifWriter::Device type is : zynq
TRACE::2026-02-22.08:55:17::SCWBifWriter::Writing BIF to file : D:/Vitis/conv_read_system/Debug/system.bif
TRACE::2026-02-22.08:55:17::SCWBifWriter::Writing the Zynq Baremetal bif 
TRACE::2026-02-22.10:51:48::SCWBifWriter::Found the complete platform D:/Vitis/task_0/export/task_0/task_0.xpfm
TRACE::2026-02-22.10:51:48::SCWBifWriter::hardware databse : task_0_wrapper
TRACE::2026-02-22.10:51:48::SCWBifWriter::bitstream found in the design
TRACE::2026-02-22.10:51:48::SCWBifWriter::Found a baremetal domain, proc: ps7_cortexa9_0
TRACE::2026-02-22.10:51:48::SCWBifWriter::proc type : 
TRACE::2026-02-22.10:51:48::SCWBifWriter::proc[0] : ps7_cortexa9_0
TRACE::2026-02-22.10:51:48::SCWBifWriter::Device type is : zynq
TRACE::2026-02-22.10:51:48::SCWBifWriter::Writing BIF to file : D:/Vitis/conv_read_system/Debug/system.bif
TRACE::2026-02-22.10:51:48::SCWBifWriter::Writing the Zynq Baremetal bif 
TRACE::2026-02-22.10:54:01::SCWBifWriter::Found the complete platform D:/Vitis/task_0/export/task_0/task_0.xpfm
TRACE::2026-02-22.10:54:02::SCWBifWriter::hardware databse : task_0_wrapper
TRACE::2026-02-22.10:54:02::SCWBifWriter::bitstream found in the design
TRACE::2026-02-22.10:54:02::SCWBifWriter::Found a baremetal domain, proc: ps7_cortexa9_0
TRACE::2026-02-22.10:54:02::SCWBifWriter::proc type : 
TRACE::2026-02-22.10:54:02::SCWBifWriter::proc[0] : ps7_cortexa9_0
TRACE::2026-02-22.10:54:02::SCWBifWriter::Device type is : zynq
TRACE::2026-02-22.10:54:02::SCWBifWriter::Writing BIF to file : D:/Vitis/conv_read_system/Debug/system.bif
TRACE::2026-02-22.10:54:02::SCWBifWriter::Writing the Zynq Baremetal bif 
TRACE::2026-02-22.11:07:15::SCWBifWriter::Found the complete platform D:/Vitis/task_0/export/task_0/task_0.xpfm
TRACE::2026-02-22.11:07:15::SCWBifWriter::hardware databse : task_0_wrapper
TRACE::2026-02-22.11:07:15::SCWBifWriter::bitstream found in the design
TRACE::2026-02-22.11:07:15::SCWBifWriter::Found a baremetal domain, proc: ps7_cortexa9_0
TRACE::2026-02-22.11:07:15::SCWBifWriter::proc type : 
TRACE::2026-02-22.11:07:15::SCWBifWriter::proc[0] : ps7_cortexa9_0
TRACE::2026-02-22.11:07:15::SCWBifWriter::Device type is : zynq
TRACE::2026-02-22.11:07:15::SCWBifWriter::Writing BIF to file : D:/Vitis/conv_read_system/Debug/system.bif
TRACE::2026-02-22.11:07:15::SCWBifWriter::Writing the Zynq Baremetal bif 
TRACE::2026-02-22.11:09:56::SCWBifWriter::Found the complete platform D:/Vitis/task_0/export/task_0/task_0.xpfm
TRACE::2026-02-22.11:09:56::SCWBifWriter::hardware databse : task_0_wrapper
TRACE::2026-02-22.11:09:56::SCWBifWriter::bitstream found in the design
TRACE::2026-02-22.11:09:56::SCWBifWriter::Found a baremetal domain, proc: ps7_cortexa9_0
TRACE::2026-02-22.11:09:56::SCWBifWriter::proc type : 
TRACE::2026-02-22.11:09:56::SCWBifWriter::proc[0] : ps7_cortexa9_0
TRACE::2026-02-22.11:09:56::SCWBifWriter::Device type is : zynq
TRACE::2026-02-22.11:09:56::SCWBifWriter::Writing BIF to file : D:/Vitis/conv_read_system/Debug/system.bif
TRACE::2026-02-22.11:09:56::SCWBifWriter::Writing the Zynq Baremetal bif 
TRACE::2026-02-22.11:13:17::SCWBifWriter::Found the complete platform D:/Vitis/task_0/export/task_0/task_0.xpfm
TRACE::2026-02-22.11:13:17::SCWBifWriter::hardware databse : task_0_wrapper
TRACE::2026-02-22.11:13:17::SCWBifWriter::bitstream found in the design
TRACE::2026-02-22.11:13:17::SCWBifWriter::Found a baremetal domain, proc: ps7_cortexa9_0
TRACE::2026-02-22.11:13:17::SCWBifWriter::proc type : 
TRACE::2026-02-22.11:13:17::SCWBifWriter::proc[0] : ps7_cortexa9_0
TRACE::2026-02-22.11:13:17::SCWBifWriter::Device type is : zynq
TRACE::2026-02-22.11:13:17::SCWBifWriter::Writing BIF to file : D:/Vitis/conv_read_system/Debug/system.bif
TRACE::2026-02-22.11:13:17::SCWBifWriter::Writing the Zynq Baremetal bif 
TRACE::2026-02-22.11:14:52::SCWBifWriter::Found the complete platform D:/Vitis/task_0/export/task_0/task_0.xpfm
TRACE::2026-02-22.11:14:52::SCWBifWriter::hardware databse : task_0_wrapper
TRACE::2026-02-22.11:14:52::SCWBifWriter::bitstream found in the design
TRACE::2026-02-22.11:14:52::SCWBifWriter::Found a baremetal domain, proc: ps7_cortexa9_0
TRACE::2026-02-22.11:14:52::SCWBifWriter::proc type : 
TRACE::2026-02-22.11:14:52::SCWBifWriter::proc[0] : ps7_cortexa9_0
TRACE::2026-02-22.11:14:52::SCWBifWriter::Device type is : zynq
TRACE::2026-02-22.11:14:52::SCWBifWriter::Writing BIF to file : D:/Vitis/conv_read_system/Debug/system.bif
TRACE::2026-02-22.11:14:52::SCWBifWriter::Writing the Zynq Baremetal bif 
TRACE::2026-02-22.11:18:05::SCWBifWriter::Found the complete platform D:/Vitis/task_0/export/task_0/task_0.xpfm
TRACE::2026-02-22.11:18:05::SCWBifWriter::hardware databse : task_0_wrapper
TRACE::2026-02-22.11:18:05::SCWBifWriter::bitstream found in the design
TRACE::2026-02-22.11:18:05::SCWBifWriter::Found a baremetal domain, proc: ps7_cortexa9_0
TRACE::2026-02-22.11:18:05::SCWBifWriter::proc type : 
TRACE::2026-02-22.11:18:05::SCWBifWriter::proc[0] : ps7_cortexa9_0
TRACE::2026-02-22.11:18:05::SCWBifWriter::Device type is : zynq
TRACE::2026-02-22.11:18:05::SCWBifWriter::Writing BIF to file : D:/Vitis/conv_read_system/Debug/system.bif
TRACE::2026-02-22.11:18:05::SCWBifWriter::Writing the Zynq Baremetal bif 
TRACE::2026-02-22.11:19:35::SCWBifWriter::Found the complete platform D:/Vitis/task_0/export/task_0/task_0.xpfm
TRACE::2026-02-22.11:19:35::SCWBifWriter::hardware databse : task_0_wrapper
TRACE::2026-02-22.11:19:35::SCWBifWriter::bitstream found in the design
TRACE::2026-02-22.11:19:35::SCWBifWriter::Found a baremetal domain, proc: ps7_cortexa9_0
TRACE::2026-02-22.11:19:35::SCWBifWriter::proc type : 
TRACE::2026-02-22.11:19:35::SCWBifWriter::proc[0] : ps7_cortexa9_0
TRACE::2026-02-22.11:19:35::SCWBifWriter::Device type is : zynq
TRACE::2026-02-22.11:19:35::SCWBifWriter::Writing BIF to file : D:/Vitis/conv_read_system/Debug/system.bif
TRACE::2026-02-22.11:19:35::SCWBifWriter::Writing the Zynq Baremetal bif 
TRACE::2026-02-22.11:29:03::SCWBifWriter::Found the complete platform D:/Vitis/task_0/export/task_0/task_0.xpfm
TRACE::2026-02-22.11:29:03::SCWBifWriter::hardware databse : task_0_wrapper_1
TRACE::2026-02-22.11:29:03::SCWBifWriter::bitstream found in the design
TRACE::2026-02-22.11:29:03::SCWBifWriter::Found a baremetal domain, proc: ps7_cortexa9_0
TRACE::2026-02-22.11:29:03::SCWBifWriter::proc type : 
TRACE::2026-02-22.11:29:03::SCWBifWriter::proc[0] : ps7_cortexa9_0
TRACE::2026-02-22.11:29:03::SCWBifWriter::Device type is : zynq
TRACE::2026-02-22.11:29:03::SCWBifWriter::Writing BIF to file : D:/Vitis/conv_read_system/Debug/system.bif
TRACE::2026-02-22.11:29:03::SCWBifWriter::Writing the Zynq Baremetal bif 
TRACE::2026-02-22.14:09:27::SCWBifWriter::Found the complete platform D:/Vitis/task_0/export/task_0/task_0.xpfm
TRACE::2026-02-22.14:09:27::SCWBifWriter::hardware databse : task_0_wrapper_1
TRACE::2026-02-22.14:09:27::SCWBifWriter::bitstream found in the design
TRACE::2026-02-22.14:09:27::SCWBifWriter::Found a baremetal domain, proc: ps7_cortexa9_0
TRACE::2026-02-22.14:09:27::SCWBifWriter::proc type : 
TRACE::2026-02-22.14:09:27::SCWBifWriter::proc[0] : ps7_cortexa9_0
TRACE::2026-02-22.14:09:27::SCWBifWriter::Device type is : zynq
TRACE::2026-02-22.14:09:27::SCWBifWriter::Writing BIF to file : D:/Vitis/conv_read_system/Debug/system.bif
TRACE::2026-02-22.14:09:27::SCWBifWriter::Writing the Zynq Baremetal bif 
