Copyright 1986-2020 Xilinx, Inc. All Rights Reserved.
---------------------------------------------------------------------------------------------------------------------------------------------
| Tool Version : Vivado v.2020.1 (win64) Build 2902540 Wed May 27 19:54:49 MDT 2020
| Date         : Thu Mar  5 06:33:28 2026
| Host         : DESKTOP-13V46NK running 64-bit major release  (build 9200)
| Command      : report_drc -file soc_task_1_wrapper_drc_opted.rpt -pb soc_task_1_wrapper_drc_opted.pb -rpx soc_task_1_wrapper_drc_opted.rpx
| Design       : soc_task_1_wrapper
| Device       : xc7z020clg484-1
| Speed File   : -1
| Design State : Synthesized
---------------------------------------------------------------------------------------------------------------------------------------------

Report DRC

Table of Contents
-----------------
1. REPORT SUMMARY
2. REPORT DETAILS

1. REPORT SUMMARY
-----------------
            Netlist: netlist
          Floorplan: design_1
      Design limits: <entire design considered>
           Ruledeck: default
             Max violations: <unlimited>
             Violations found: 2
+--------+----------+------------------+------------+
| Rule   | Severity | Description      | Violations |
+--------+----------+------------------+------------+
| DPIP-1 | Warning  | Input pipelining | 2          |
+--------+----------+------------------+------------+

2. REPORT DETAILS
-----------------
DPIP-1#1 Warning
Input pipelining  
DSP soc_task_1_i/MAC_big_hls_0/U0/mac_muladd_8s_8s_32ns_32_4_1_U1/MAC_big_hls_mac_muladd_8s_8s_32ns_32_4_1_DSP48_0_U/p_reg_reg input soc_task_1_i/MAC_big_hls_0/U0/mac_muladd_8s_8s_32ns_32_4_1_U1/MAC_big_hls_mac_muladd_8s_8s_32ns_32_4_1_DSP48_0_U/p_reg_reg/C[47:0] is not pipelined. Pipelining DSP48 input will improve performance.
Related violations: <none>

DPIP-1#2 Warning
Input pipelining  
DSP soc_task_1_i/MAC_small_hls_0/U0/mac_muladd_8s_8s_32ns_32_4_1_U1/MAC_small_hls_mac_muladd_8s_8s_32ns_32_4_1_DSP48_0_U/p_reg_reg input soc_task_1_i/MAC_small_hls_0/U0/mac_muladd_8s_8s_32ns_32_4_1_U1/MAC_small_hls_mac_muladd_8s_8s_32ns_32_4_1_DSP48_0_U/p_reg_reg/C[47:0] is not pipelined. Pipelining DSP48 input will improve performance.
Related violations: <none>


