Copyright 1986-2020 Xilinx, Inc. All Rights Reserved.
-----------------------------------------------------------------------------------------------
| Tool Version : Vivado v.2020.1 (win64) Build 2902540 Wed May 27 19:54:49 MDT 2020
| Date         : Thu Mar  5 06:33:37 2026
| Host         : DESKTOP-13V46NK running 64-bit major release  (build 9200)
| Command      : report_control_sets -verbose -file soc_task_1_wrapper_control_sets_placed.rpt
| Design       : soc_task_1_wrapper
| Device       : xc7z020
-----------------------------------------------------------------------------------------------

Control Set Information

Table of Contents
-----------------
1. Summary
2. Histogram
3. Flip-Flop Distribution
4. Detailed Control Set Information

1. Summary
----------

+----------------------------------------------------------+-------+
|                          Status                          | Count |
+----------------------------------------------------------+-------+
| Total control sets                                       |   109 |
|    Minimum number of control sets                        |   109 |
|    Addition due to synthesis replication                 |     0 |
|    Addition due to physical synthesis replication        |     0 |
| Unused register locations in slices containing registers |   295 |
+----------------------------------------------------------+-------+
* Control sets can be merged at opt_design using control_set_merge or merge_equivalent_drivers
** Run report_qor_suggestions for automated merging and remapping suggestions


2. Histogram
------------

+--------------------+-------+
|       Fanout       | Count |
+--------------------+-------+
| Total control sets |   109 |
| >= 0 to < 4        |     1 |
| >= 4 to < 6        |    43 |
| >= 6 to < 8        |     1 |
| >= 8 to < 10       |    13 |
| >= 10 to < 12      |     1 |
| >= 12 to < 14      |    11 |
| >= 14 to < 16      |     2 |
| >= 16              |    37 |
+--------------------+-------+
* Control sets can be remapped at either synth_design or opt_design


3. Flip-Flop Distribution
-------------------------

+--------------+-----------------------+------------------------+-----------------+--------------+
| Clock Enable | Synchronous Set/Reset | Asynchronous Set/Reset | Total Registers | Total Slices |
+--------------+-----------------------+------------------------+-----------------+--------------+
| No           | No                    | No                     |             595 |          155 |
| No           | No                    | Yes                    |               0 |            0 |
| No           | Yes                   | No                     |             544 |          166 |
| Yes          | No                    | No                     |             461 |          104 |
| Yes          | No                    | Yes                    |               0 |            0 |
| Yes          | Yes                   | No                     |             449 |          118 |
+--------------+-----------------------+------------------------+-----------------+--------------+


4. Detailed Control Set Information
-----------------------------------

+---------------------------------------------------+--------------------------------------------------------------------------------------------------------------------------------------------------------------------+-----------------------------------------------------------------------------------------------------------------------------------------+------------------+----------------+--------------+
|                    Clock Signal                   |                                                                            Enable Signal                                                                           |                                                             Set/Reset Signal                                                            | Slice Load Count | Bel Load Count | Bels / Slice |
+---------------------------------------------------+--------------------------------------------------------------------------------------------------------------------------------------------------------------------+-----------------------------------------------------------------------------------------------------------------------------------------+------------------+----------------+--------------+
|  soc_task_1_i/processing_system7_0/inst/FCLK_CLK0 | soc_task_1_i/axi_interconnect_0/s00_couplers/auto_pc/inst/gen_axilite.gen_b2s_conv.axilite_b2s/WR.b_channel_0/bid_fifo_0/bresp_push                                |                                                                                                                                         |                1 |              2 |         2.00 |
|  soc_task_1_i/processing_system7_0/inst/FCLK_CLK0 | soc_task_1_i/axi_gpio_4/U0/AXI_LITE_IPIF_I/I_SLAVE_ATTACHMENT/bus2ip_addr_i[8]_i_1_n_0                                                                             | soc_task_1_i/axi_gpio_4/U0/AXI_LITE_IPIF_I/I_SLAVE_ATTACHMENT/SS[0]                                                                     |                1 |              4 |         4.00 |
|  soc_task_1_i/processing_system7_0/inst/FCLK_CLK0 |                                                                                                                                                                    | soc_task_1_i/axi_interconnect_0/s00_couplers/auto_pc/inst/gen_axilite.gen_b2s_conv.axilite_b2s/SI_REG/ar.ar_pipe/aresetn_d_reg[1]_inv_0 |                2 |              4 |         2.00 |
|  soc_task_1_i/processing_system7_0/inst/FCLK_CLK0 |                                                                                                                                                                    | soc_task_1_i/axi_interconnect_0/s00_couplers/auto_pc/inst/gen_axilite.gen_b2s_conv.axilite_b2s/SI_REG/aw.aw_pipe/aresetn_d_reg[0]_0     |                2 |              4 |         2.00 |
|  soc_task_1_i/processing_system7_0/inst/FCLK_CLK0 |                                                                                                                                                                    | soc_task_1_i/axi_gpio_4/U0/AXI_LITE_IPIF_I/I_SLAVE_ATTACHMENT/clear                                                                     |                1 |              4 |         4.00 |
|  soc_task_1_i/processing_system7_0/inst/FCLK_CLK0 | soc_task_1_i/axi_gpio_5/U0/AXI_LITE_IPIF_I/I_SLAVE_ATTACHMENT/start2                                                                                               | soc_task_1_i/axi_gpio_5/U0/AXI_LITE_IPIF_I/I_SLAVE_ATTACHMENT/I_DECODER/cs_ce_clr                                                       |                1 |              4 |         4.00 |
|  soc_task_1_i/processing_system7_0/inst/FCLK_CLK0 |                                                                                                                                                                    | soc_task_1_i/proc_sys_reset_0/U0/EXT_LPF/lpf_int                                                                                        |                2 |              4 |         2.00 |
|  soc_task_1_i/processing_system7_0/inst/FCLK_CLK0 | soc_task_1_i/axi_gpio_5/U0/AXI_LITE_IPIF_I/I_SLAVE_ATTACHMENT/bus2ip_addr_i[8]_i_1_n_0                                                                             | soc_task_1_i/axi_gpio_5/U0/AXI_LITE_IPIF_I/I_SLAVE_ATTACHMENT/SR[0]                                                                     |                1 |              4 |         4.00 |
|  soc_task_1_i/processing_system7_0/inst/FCLK_CLK0 |                                                                                                                                                                    | soc_task_1_i/axi_gpio_8/U0/AXI_LITE_IPIF_I/I_SLAVE_ATTACHMENT/clear                                                                     |                1 |              4 |         4.00 |
|  soc_task_1_i/processing_system7_0/inst/FCLK_CLK0 | soc_task_1_i/axi_gpio_1/U0/AXI_LITE_IPIF_I/I_SLAVE_ATTACHMENT/bus2ip_addr_i[8]_i_1_n_0                                                                             | soc_task_1_i/axi_gpio_1/U0/AXI_LITE_IPIF_I/I_SLAVE_ATTACHMENT/SR[0]                                                                     |                1 |              4 |         4.00 |
|  soc_task_1_i/processing_system7_0/inst/FCLK_CLK0 | soc_task_1_i/axi_gpio_1/U0/AXI_LITE_IPIF_I/I_SLAVE_ATTACHMENT/start2                                                                                               | soc_task_1_i/axi_gpio_1/U0/AXI_LITE_IPIF_I/I_SLAVE_ATTACHMENT/I_DECODER/cs_ce_clr                                                       |                1 |              4 |         4.00 |
|  soc_task_1_i/processing_system7_0/inst/FCLK_CLK0 |                                                                                                                                                                    | soc_task_1_i/axi_gpio_7/U0/AXI_LITE_IPIF_I/I_SLAVE_ATTACHMENT/clear                                                                     |                1 |              4 |         4.00 |
|  soc_task_1_i/processing_system7_0/inst/FCLK_CLK0 | soc_task_1_i/axi_gpio_0/U0/AXI_LITE_IPIF_I/I_SLAVE_ATTACHMENT/start2                                                                                               | soc_task_1_i/axi_gpio_0/U0/AXI_LITE_IPIF_I/I_SLAVE_ATTACHMENT/I_DECODER/cs_ce_clr                                                       |                2 |              4 |         2.00 |
|  soc_task_1_i/processing_system7_0/inst/FCLK_CLK0 | soc_task_1_i/axi_gpio_0/U0/AXI_LITE_IPIF_I/I_SLAVE_ATTACHMENT/bus2ip_addr_i[8]_i_1_n_0                                                                             | soc_task_1_i/axi_gpio_0/U0/AXI_LITE_IPIF_I/I_SLAVE_ATTACHMENT/SR[0]                                                                     |                1 |              4 |         4.00 |
|  soc_task_1_i/processing_system7_0/inst/FCLK_CLK0 | soc_task_1_i/axi_gpio_8/U0/AXI_LITE_IPIF_I/I_SLAVE_ATTACHMENT/start2                                                                                               | soc_task_1_i/axi_gpio_8/U0/AXI_LITE_IPIF_I/I_SLAVE_ATTACHMENT/I_DECODER/cs_ce_clr                                                       |                2 |              4 |         2.00 |
|  soc_task_1_i/processing_system7_0/inst/FCLK_CLK0 |                                                                                                                                                                    | soc_task_1_i/axi_gpio_11/U0/AXI_LITE_IPIF_I/I_SLAVE_ATTACHMENT/clear                                                                    |                1 |              4 |         4.00 |
|  soc_task_1_i/processing_system7_0/inst/FCLK_CLK0 | soc_task_1_i/axi_gpio_3/U0/AXI_LITE_IPIF_I/I_SLAVE_ATTACHMENT/bus2ip_addr_i[8]_i_1_n_0                                                                             | soc_task_1_i/axi_gpio_3/U0/AXI_LITE_IPIF_I/I_SLAVE_ATTACHMENT/SS[0]                                                                     |                1 |              4 |         4.00 |
|  soc_task_1_i/processing_system7_0/inst/FCLK_CLK0 | soc_task_1_i/axi_gpio_3/U0/AXI_LITE_IPIF_I/I_SLAVE_ATTACHMENT/start2                                                                                               | soc_task_1_i/axi_gpio_3/U0/AXI_LITE_IPIF_I/I_SLAVE_ATTACHMENT/I_DECODER/cs_ce_clr                                                       |                1 |              4 |         4.00 |
|  soc_task_1_i/processing_system7_0/inst/FCLK_CLK0 |                                                                                                                                                                    | soc_task_1_i/axi_gpio_9/U0/AXI_LITE_IPIF_I/I_SLAVE_ATTACHMENT/clear                                                                     |                1 |              4 |         4.00 |
|  soc_task_1_i/processing_system7_0/inst/FCLK_CLK0 | soc_task_1_i/axi_gpio_6/U0/AXI_LITE_IPIF_I/I_SLAVE_ATTACHMENT/bus2ip_addr_i[8]_i_1_n_0                                                                             | soc_task_1_i/axi_gpio_6/U0/AXI_LITE_IPIF_I/I_SLAVE_ATTACHMENT/SR[0]                                                                     |                2 |              4 |         2.00 |
|  soc_task_1_i/processing_system7_0/inst/FCLK_CLK0 | soc_task_1_i/axi_gpio_6/U0/AXI_LITE_IPIF_I/I_SLAVE_ATTACHMENT/start2                                                                                               | soc_task_1_i/axi_gpio_6/U0/AXI_LITE_IPIF_I/I_SLAVE_ATTACHMENT/I_DECODER/cs_ce_clr                                                       |                1 |              4 |         4.00 |
|  soc_task_1_i/processing_system7_0/inst/FCLK_CLK0 |                                                                                                                                                                    | soc_task_1_i/axi_gpio_2/U0/AXI_LITE_IPIF_I/I_SLAVE_ATTACHMENT/clear                                                                     |                1 |              4 |         4.00 |
|  soc_task_1_i/processing_system7_0/inst/FCLK_CLK0 | soc_task_1_i/axi_gpio_10/U0/AXI_LITE_IPIF_I/I_SLAVE_ATTACHMENT/bus2ip_addr_i[8]_i_1_n_0                                                                            | soc_task_1_i/axi_gpio_10/U0/AXI_LITE_IPIF_I/I_SLAVE_ATTACHMENT/SS[0]                                                                    |                1 |              4 |         4.00 |
|  soc_task_1_i/processing_system7_0/inst/FCLK_CLK0 | soc_task_1_i/axi_gpio_10/U0/AXI_LITE_IPIF_I/I_SLAVE_ATTACHMENT/start2                                                                                              | soc_task_1_i/axi_gpio_10/U0/AXI_LITE_IPIF_I/I_SLAVE_ATTACHMENT/I_DECODER/cs_ce_clr                                                      |                1 |              4 |         4.00 |
|  soc_task_1_i/processing_system7_0/inst/FCLK_CLK0 | soc_task_1_i/axi_gpio_4/U0/AXI_LITE_IPIF_I/I_SLAVE_ATTACHMENT/start2                                                                                               | soc_task_1_i/axi_gpio_4/U0/AXI_LITE_IPIF_I/I_SLAVE_ATTACHMENT/I_DECODER/cs_ce_clr                                                       |                1 |              4 |         4.00 |
|  soc_task_1_i/processing_system7_0/inst/FCLK_CLK0 |                                                                                                                                                                    | soc_task_1_i/axi_gpio_5/U0/AXI_LITE_IPIF_I/I_SLAVE_ATTACHMENT/clear                                                                     |                1 |              4 |         4.00 |
|  soc_task_1_i/processing_system7_0/inst/FCLK_CLK0 |                                                                                                                                                                    | soc_task_1_i/axi_gpio_1/U0/AXI_LITE_IPIF_I/I_SLAVE_ATTACHMENT/clear                                                                     |                1 |              4 |         4.00 |
|  soc_task_1_i/processing_system7_0/inst/FCLK_CLK0 | soc_task_1_i/axi_gpio_8/U0/AXI_LITE_IPIF_I/I_SLAVE_ATTACHMENT/bus2ip_addr_i[8]_i_1_n_0                                                                             | soc_task_1_i/axi_gpio_8/U0/AXI_LITE_IPIF_I/I_SLAVE_ATTACHMENT/SR[0]                                                                     |                2 |              4 |         2.00 |
|  soc_task_1_i/processing_system7_0/inst/FCLK_CLK0 | soc_task_1_i/axi_gpio_7/U0/AXI_LITE_IPIF_I/I_SLAVE_ATTACHMENT/bus2ip_addr_i[8]_i_1_n_0                                                                             | soc_task_1_i/axi_gpio_7/U0/AXI_LITE_IPIF_I/I_SLAVE_ATTACHMENT/SR[0]                                                                     |                1 |              4 |         4.00 |
|  soc_task_1_i/processing_system7_0/inst/FCLK_CLK0 | soc_task_1_i/axi_gpio_7/U0/AXI_LITE_IPIF_I/I_SLAVE_ATTACHMENT/start2                                                                                               | soc_task_1_i/axi_gpio_7/U0/AXI_LITE_IPIF_I/I_SLAVE_ATTACHMENT/I_DECODER/cs_ce_clr                                                       |                2 |              4 |         2.00 |
|  soc_task_1_i/processing_system7_0/inst/FCLK_CLK0 |                                                                                                                                                                    | soc_task_1_i/axi_gpio_0/U0/AXI_LITE_IPIF_I/I_SLAVE_ATTACHMENT/clear                                                                     |                1 |              4 |         4.00 |
|  soc_task_1_i/processing_system7_0/inst/FCLK_CLK0 |                                                                                                                                                                    | soc_task_1_i/axi_gpio_3/U0/AXI_LITE_IPIF_I/I_SLAVE_ATTACHMENT/clear                                                                     |                1 |              4 |         4.00 |
|  soc_task_1_i/processing_system7_0/inst/FCLK_CLK0 | soc_task_1_i/axi_gpio_11/U0/AXI_LITE_IPIF_I/I_SLAVE_ATTACHMENT/bus2ip_addr_i[8]_i_1_n_0                                                                            | soc_task_1_i/axi_gpio_11/U0/AXI_LITE_IPIF_I/I_SLAVE_ATTACHMENT/SR[0]                                                                    |                1 |              4 |         4.00 |
|  soc_task_1_i/processing_system7_0/inst/FCLK_CLK0 |                                                                                                                                                                    | soc_task_1_i/MAC_big_hls_0/U0/reset                                                                                                     |                3 |              4 |         1.33 |
|  soc_task_1_i/processing_system7_0/inst/FCLK_CLK0 |                                                                                                                                                                    | soc_task_1_i/axi_gpio_6/U0/AXI_LITE_IPIF_I/I_SLAVE_ATTACHMENT/clear                                                                     |                1 |              4 |         4.00 |
|  soc_task_1_i/processing_system7_0/inst/FCLK_CLK0 | soc_task_1_i/axi_gpio_11/U0/AXI_LITE_IPIF_I/I_SLAVE_ATTACHMENT/start2                                                                                              | soc_task_1_i/axi_gpio_11/U0/AXI_LITE_IPIF_I/I_SLAVE_ATTACHMENT/I_DECODER/cs_ce_clr                                                      |                1 |              4 |         4.00 |
|  soc_task_1_i/processing_system7_0/inst/FCLK_CLK0 | soc_task_1_i/axi_gpio_9/U0/AXI_LITE_IPIF_I/I_SLAVE_ATTACHMENT/bus2ip_addr_i[8]_i_1_n_0                                                                             | soc_task_1_i/axi_gpio_9/U0/AXI_LITE_IPIF_I/I_SLAVE_ATTACHMENT/SS[0]                                                                     |                1 |              4 |         4.00 |
|  soc_task_1_i/processing_system7_0/inst/FCLK_CLK0 |                                                                                                                                                                    | soc_task_1_i/MAC_small_hls_0/U0/reset                                                                                                   |                1 |              4 |         4.00 |
|  soc_task_1_i/processing_system7_0/inst/FCLK_CLK0 | soc_task_1_i/axi_gpio_9/U0/AXI_LITE_IPIF_I/I_SLAVE_ATTACHMENT/start2                                                                                               | soc_task_1_i/axi_gpio_9/U0/AXI_LITE_IPIF_I/I_SLAVE_ATTACHMENT/I_DECODER/cs_ce_clr                                                       |                1 |              4 |         4.00 |
|  soc_task_1_i/processing_system7_0/inst/FCLK_CLK0 |                                                                                                                                                                    | soc_task_1_i/axi_gpio_10/U0/AXI_LITE_IPIF_I/I_SLAVE_ATTACHMENT/clear                                                                    |                1 |              4 |         4.00 |
|  soc_task_1_i/processing_system7_0/inst/FCLK_CLK0 | soc_task_1_i/axi_gpio_2/U0/AXI_LITE_IPIF_I/I_SLAVE_ATTACHMENT/bus2ip_addr_i[8]_i_1_n_0                                                                             | soc_task_1_i/axi_gpio_2/U0/AXI_LITE_IPIF_I/I_SLAVE_ATTACHMENT/SR[0]                                                                     |                1 |              4 |         4.00 |
|  soc_task_1_i/processing_system7_0/inst/FCLK_CLK0 | soc_task_1_i/axi_gpio_2/U0/AXI_LITE_IPIF_I/I_SLAVE_ATTACHMENT/start2                                                                                               | soc_task_1_i/axi_gpio_2/U0/AXI_LITE_IPIF_I/I_SLAVE_ATTACHMENT/I_DECODER/cs_ce_clr                                                       |                1 |              4 |         4.00 |
|  soc_task_1_i/processing_system7_0/inst/FCLK_CLK0 | soc_task_1_i/axi_interconnect_0/s00_couplers/auto_pc/inst/gen_axilite.gen_b2s_conv.axilite_b2s/RD.r_channel_0/transaction_fifo_0/cnt_read[4]_i_1__0_n_0            | soc_task_1_i/axi_interconnect_0/s00_couplers/auto_pc/inst/gen_axilite.gen_b2s_conv.axilite_b2s/areset_d1                                |                2 |              5 |         2.50 |
|  soc_task_1_i/processing_system7_0/inst/FCLK_CLK0 | soc_task_1_i/axi_interconnect_0/s00_couplers/auto_pc/inst/gen_axilite.gen_b2s_conv.axilite_b2s/RD.r_channel_0/rd_data_fifo_0/cnt_read[4]_i_1_n_0                   | soc_task_1_i/axi_interconnect_0/s00_couplers/auto_pc/inst/gen_axilite.gen_b2s_conv.axilite_b2s/areset_d1                                |                2 |              5 |         2.50 |
|  soc_task_1_i/processing_system7_0/inst/FCLK_CLK0 | soc_task_1_i/proc_sys_reset_0/U0/SEQ/seq_cnt_en                                                                                                                    | soc_task_1_i/proc_sys_reset_0/U0/SEQ/SEQ_COUNTER/clear                                                                                  |                1 |              6 |         6.00 |
|  soc_task_1_i/processing_system7_0/inst/FCLK_CLK0 |                                                                                                                                                                    | soc_task_1_i/axi_gpio_0/U0/gpio_core_1/Read_Reg_Rst__0                                                                                  |                1 |              8 |         8.00 |
|  soc_task_1_i/processing_system7_0/inst/FCLK_CLK0 |                                                                                                                                                                    | soc_task_1_i/axi_gpio_6/U0/gpio_core_1/Read_Reg_Rst__0                                                                                  |                2 |              8 |         4.00 |
|  soc_task_1_i/processing_system7_0/inst/FCLK_CLK0 | soc_task_1_i/axi_gpio_1/U0/AXI_LITE_IPIF_I/I_SLAVE_ATTACHMENT/I_DECODER/E[0]                                                                                       | soc_task_1_i/axi_gpio_1/U0/AXI_LITE_IPIF_I/I_SLAVE_ATTACHMENT/SR[0]                                                                     |                2 |              8 |         4.00 |
|  soc_task_1_i/processing_system7_0/inst/FCLK_CLK0 |                                                                                                                                                                    | soc_task_1_i/axi_gpio_1/U0/gpio_core_1/Read_Reg_Rst__0                                                                                  |                1 |              8 |         8.00 |
|  soc_task_1_i/processing_system7_0/inst/FCLK_CLK0 | soc_task_1_i/axi_gpio_7/U0/AXI_LITE_IPIF_I/I_SLAVE_ATTACHMENT/I_DECODER/E[0]                                                                                       | soc_task_1_i/axi_gpio_7/U0/AXI_LITE_IPIF_I/I_SLAVE_ATTACHMENT/SR[0]                                                                     |                2 |              8 |         4.00 |
|  soc_task_1_i/processing_system7_0/inst/FCLK_CLK0 |                                                                                                                                                                    | soc_task_1_i/axi_gpio_7/U0/gpio_core_1/Read_Reg_Rst__0                                                                                  |                1 |              8 |         8.00 |
|  soc_task_1_i/processing_system7_0/inst/FCLK_CLK0 | soc_task_1_i/axi_interconnect_0/s00_couplers/auto_pc/inst/gen_axilite.gen_b2s_conv.axilite_b2s/WR.b_channel_0/mhandshake_r                                         | soc_task_1_i/axi_interconnect_0/s00_couplers/auto_pc/inst/gen_axilite.gen_b2s_conv.axilite_b2s/WR.b_channel_0/bid_fifo_0/SR[0]          |                2 |              8 |         4.00 |
|  soc_task_1_i/processing_system7_0/inst/FCLK_CLK0 | soc_task_1_i/axi_gpio_6/U0/AXI_LITE_IPIF_I/I_SLAVE_ATTACHMENT/I_DECODER/E[0]                                                                                       | soc_task_1_i/axi_gpio_6/U0/AXI_LITE_IPIF_I/I_SLAVE_ATTACHMENT/SR[0]                                                                     |                2 |              8 |         4.00 |
|  soc_task_1_i/processing_system7_0/inst/FCLK_CLK0 | soc_task_1_i/axi_gpio_0/U0/AXI_LITE_IPIF_I/I_SLAVE_ATTACHMENT/I_DECODER/E[0]                                                                                       | soc_task_1_i/axi_gpio_0/U0/AXI_LITE_IPIF_I/I_SLAVE_ATTACHMENT/SR[0]                                                                     |                2 |              8 |         4.00 |
|  soc_task_1_i/processing_system7_0/inst/FCLK_CLK0 | soc_task_1_i/axi_gpio_7/U0/AXI_LITE_IPIF_I/I_SLAVE_ATTACHMENT/s_axi_rresp_i                                                                                        | soc_task_1_i/axi_gpio_7/U0/AXI_LITE_IPIF_I/I_SLAVE_ATTACHMENT/SR[0]                                                                     |                3 |              9 |         3.00 |
|  soc_task_1_i/processing_system7_0/inst/FCLK_CLK0 | soc_task_1_i/axi_gpio_0/U0/AXI_LITE_IPIF_I/I_SLAVE_ATTACHMENT/s_axi_rresp_i                                                                                        | soc_task_1_i/axi_gpio_0/U0/AXI_LITE_IPIF_I/I_SLAVE_ATTACHMENT/SR[0]                                                                     |                2 |              9 |         4.50 |
|  soc_task_1_i/processing_system7_0/inst/FCLK_CLK0 | soc_task_1_i/axi_gpio_1/U0/AXI_LITE_IPIF_I/I_SLAVE_ATTACHMENT/s_axi_rresp_i                                                                                        | soc_task_1_i/axi_gpio_1/U0/AXI_LITE_IPIF_I/I_SLAVE_ATTACHMENT/SR[0]                                                                     |                2 |              9 |         4.50 |
|  soc_task_1_i/processing_system7_0/inst/FCLK_CLK0 | soc_task_1_i/axi_gpio_6/U0/AXI_LITE_IPIF_I/I_SLAVE_ATTACHMENT/s_axi_rresp_i                                                                                        | soc_task_1_i/axi_gpio_6/U0/AXI_LITE_IPIF_I/I_SLAVE_ATTACHMENT/SR[0]                                                                     |                2 |              9 |         4.50 |
|  soc_task_1_i/processing_system7_0/inst/FCLK_CLK0 |                                                                                                                                                                    | soc_task_1_i/axi_interconnect_0/s00_couplers/auto_pc/inst/gen_axilite.gen_b2s_conv.axilite_b2s/areset_d1                                |                5 |             10 |         2.00 |
|  soc_task_1_i/processing_system7_0/inst/FCLK_CLK0 |                                                                                                                                                                    | soc_task_1_i/axi_gpio_8/U0/gpio_core_1/Read_Reg_Rst__0                                                                                  |                2 |             12 |         6.00 |
|  soc_task_1_i/processing_system7_0/inst/FCLK_CLK0 |                                                                                                                                                                    | soc_task_1_i/axi_gpio_2/U0/gpio_core_1/Read_Reg_Rst__0                                                                                  |                3 |             12 |         4.00 |
|  soc_task_1_i/processing_system7_0/inst/FCLK_CLK0 | soc_task_1_i/axi_interconnect_0/s00_couplers/auto_pc/inst/gen_axilite.gen_b2s_conv.axilite_b2s/RD.ar_channel_0/ar_cmd_fsm_0/sel_first_reg[0]                       |                                                                                                                                         |                2 |             12 |         6.00 |
|  soc_task_1_i/processing_system7_0/inst/FCLK_CLK0 | soc_task_1_i/axi_gpio_8/U0/AXI_LITE_IPIF_I/I_SLAVE_ATTACHMENT/I_DECODER/E[0]                                                                                       | soc_task_1_i/axi_gpio_8/U0/AXI_LITE_IPIF_I/I_SLAVE_ATTACHMENT/SR[0]                                                                     |                3 |             12 |         4.00 |
|  soc_task_1_i/processing_system7_0/inst/FCLK_CLK0 | soc_task_1_i/axi_interconnect_0/s00_couplers/auto_pc/inst/gen_axilite.gen_b2s_conv.axilite_b2s/WR.aw_channel_0/aw_cmd_fsm_0/FSM_sequential_state_reg[1]_0[0]       |                                                                                                                                         |                4 |             12 |         3.00 |
|  soc_task_1_i/processing_system7_0/inst/FCLK_CLK0 | soc_task_1_i/axi_gpio_2/U0/AXI_LITE_IPIF_I/I_SLAVE_ATTACHMENT/I_DECODER/E[0]                                                                                       | soc_task_1_i/axi_gpio_2/U0/AXI_LITE_IPIF_I/I_SLAVE_ATTACHMENT/SR[0]                                                                     |                3 |             12 |         4.00 |
|  soc_task_1_i/processing_system7_0/inst/FCLK_CLK0 | soc_task_1_i/axi_interconnect_0/s00_couplers/auto_pc/inst/gen_axilite.gen_b2s_conv.axilite_b2s/WR.aw_channel_0/cmd_translator_0/incr_cmd_0/axaddr_incr[11]_i_1_n_0 |                                                                                                                                         |                2 |             12 |         6.00 |
|  soc_task_1_i/processing_system7_0/inst/FCLK_CLK0 | soc_task_1_i/axi_interconnect_0/s00_couplers/auto_pc/inst/gen_axilite.gen_b2s_conv.axilite_b2s/RD.ar_channel_0/ar_cmd_fsm_0/E[0]                                   |                                                                                                                                         |                5 |             12 |         2.40 |
|  soc_task_1_i/processing_system7_0/inst/FCLK_CLK0 | soc_task_1_i/axi_interconnect_0/s00_couplers/auto_pc/inst/gen_axilite.gen_b2s_conv.axilite_b2s/RD.r_channel_0/r_push_r                                             |                                                                                                                                         |                4 |             13 |         3.25 |
|  soc_task_1_i/processing_system7_0/inst/FCLK_CLK0 | soc_task_1_i/axi_gpio_8/U0/AXI_LITE_IPIF_I/I_SLAVE_ATTACHMENT/s_axi_rresp_i                                                                                        | soc_task_1_i/axi_gpio_8/U0/AXI_LITE_IPIF_I/I_SLAVE_ATTACHMENT/SR[0]                                                                     |                4 |             13 |         3.25 |
|  soc_task_1_i/processing_system7_0/inst/FCLK_CLK0 | soc_task_1_i/axi_gpio_2/U0/AXI_LITE_IPIF_I/I_SLAVE_ATTACHMENT/s_axi_rresp_i                                                                                        | soc_task_1_i/axi_gpio_2/U0/AXI_LITE_IPIF_I/I_SLAVE_ATTACHMENT/SR[0]                                                                     |                4 |             13 |         3.25 |
|  soc_task_1_i/processing_system7_0/inst/FCLK_CLK0 | soc_task_1_i/axi_interconnect_0/s00_couplers/auto_pc/inst/gen_axilite.gen_b2s_conv.axilite_b2s/SI_REG/b.b_pipe/p_1_in                                              |                                                                                                                                         |                3 |             14 |         4.67 |
|  soc_task_1_i/processing_system7_0/inst/FCLK_CLK0 | soc_task_1_i/axi_interconnect_0/s00_couplers/auto_pc/inst/gen_axilite.gen_b2s_conv.axilite_b2s/SI_REG/b.b_pipe/s_ready_i_reg_0                                     |                                                                                                                                         |                3 |             14 |         4.67 |
|  soc_task_1_i/processing_system7_0/inst/FCLK_CLK0 | soc_task_1_i/axi_interconnect_0/s00_couplers/auto_pc/inst/gen_axilite.gen_b2s_conv.axilite_b2s/WR.b_channel_0/bid_fifo_0/sel                                       |                                                                                                                                         |                3 |             16 |         5.33 |
|  soc_task_1_i/processing_system7_0/inst/FCLK_CLK0 | soc_task_1_i/axi_interconnect_0/xbar/inst/gen_sasd.crossbar_sasd_0/reg_slice_r/aa_rready                                                                           |                                                                                                                                         |                6 |             16 |         2.67 |
|  soc_task_1_i/processing_system7_0/inst/FCLK_CLK0 | soc_task_1_i/MAC_small_hls_0/U0/activations_V_U/MAC_small_hls_weights_V_ram_U/idx_4_sn_1                                                                           |                                                                                                                                         |                4 |             16 |         4.00 |
|  soc_task_1_i/processing_system7_0/inst/FCLK_CLK0 | soc_task_1_i/MAC_small_hls_0/U0/activations_V_U/MAC_small_hls_weights_V_ram_U/rst_r_0                                                                              |                                                                                                                                         |                4 |             16 |         4.00 |
|  soc_task_1_i/processing_system7_0/inst/FCLK_CLK0 | soc_task_1_i/axi_interconnect_0/xbar/inst/gen_sasd.crossbar_sasd_0/addr_arbiter_inst/p_0_in1_in                                                                    | soc_task_1_i/axi_interconnect_0/xbar/inst/gen_sasd.crossbar_sasd_0/addr_arbiter_inst/SR[0]                                              |                6 |             19 |         3.17 |
|  soc_task_1_i/processing_system7_0/inst/FCLK_CLK0 |                                                                                                                                                                    | soc_task_1_i/axi_gpio_9/U0/AXI_LITE_IPIF_I/I_SLAVE_ATTACHMENT/SS[0]                                                                     |                6 |             20 |         3.33 |
|  soc_task_1_i/processing_system7_0/inst/FCLK_CLK0 |                                                                                                                                                                    | soc_task_1_i/axi_gpio_3/U0/AXI_LITE_IPIF_I/I_SLAVE_ATTACHMENT/SS[0]                                                                     |                6 |             20 |         3.33 |
|  soc_task_1_i/processing_system7_0/inst/FCLK_CLK0 |                                                                                                                                                                    | soc_task_1_i/axi_gpio_10/U0/AXI_LITE_IPIF_I/I_SLAVE_ATTACHMENT/SS[0]                                                                    |                6 |             20 |         3.33 |
|  soc_task_1_i/processing_system7_0/inst/FCLK_CLK0 |                                                                                                                                                                    | soc_task_1_i/axi_interconnect_0/xbar/inst/gen_sasd.crossbar_sasd_0/addr_arbiter_inst/SR[0]                                              |               10 |             20 |         2.00 |
|  soc_task_1_i/processing_system7_0/inst/FCLK_CLK0 |                                                                                                                                                                    | soc_task_1_i/axi_gpio_4/U0/AXI_LITE_IPIF_I/I_SLAVE_ATTACHMENT/SS[0]                                                                     |                5 |             20 |         4.00 |
|  soc_task_1_i/processing_system7_0/inst/FCLK_CLK0 |                                                                                                                                                                    | soc_task_1_i/axi_gpio_6/U0/AXI_LITE_IPIF_I/I_SLAVE_ATTACHMENT/SR[0]                                                                     |                8 |             24 |         3.00 |
|  soc_task_1_i/processing_system7_0/inst/FCLK_CLK0 |                                                                                                                                                                    | soc_task_1_i/axi_gpio_0/U0/AXI_LITE_IPIF_I/I_SLAVE_ATTACHMENT/SR[0]                                                                     |                7 |             24 |         3.43 |
|  soc_task_1_i/processing_system7_0/inst/FCLK_CLK0 |                                                                                                                                                                    | soc_task_1_i/axi_gpio_1/U0/AXI_LITE_IPIF_I/I_SLAVE_ATTACHMENT/SR[0]                                                                     |                9 |             24 |         2.67 |
|  soc_task_1_i/processing_system7_0/inst/FCLK_CLK0 |                                                                                                                                                                    | soc_task_1_i/axi_gpio_7/U0/AXI_LITE_IPIF_I/I_SLAVE_ATTACHMENT/SR[0]                                                                     |                8 |             24 |         3.00 |
|  soc_task_1_i/processing_system7_0/inst/FCLK_CLK0 | soc_task_1_i/axi_interconnect_0/s00_couplers/auto_pc/inst/gen_axilite.gen_b2s_conv.axilite_b2s/WR.aw_channel_0/aw_cmd_fsm_0/E[0]                                   |                                                                                                                                         |                8 |             24 |         3.00 |
|  soc_task_1_i/processing_system7_0/inst/FCLK_CLK0 | soc_task_1_i/axi_interconnect_0/s00_couplers/auto_pc/inst/gen_axilite.gen_b2s_conv.axilite_b2s/RD.ar_channel_0/ar_cmd_fsm_0/m_valid_i_reg[0]                       |                                                                                                                                         |                8 |             24 |         3.00 |
|  soc_task_1_i/processing_system7_0/inst/FCLK_CLK0 |                                                                                                                                                                    | soc_task_1_i/axi_gpio_2/U0/AXI_LITE_IPIF_I/I_SLAVE_ATTACHMENT/SR[0]                                                                     |               11 |             28 |         2.55 |
|  soc_task_1_i/processing_system7_0/inst/FCLK_CLK0 |                                                                                                                                                                    | soc_task_1_i/axi_gpio_8/U0/AXI_LITE_IPIF_I/I_SLAVE_ATTACHMENT/SR[0]                                                                     |                8 |             28 |         3.50 |
|  soc_task_1_i/processing_system7_0/inst/FCLK_CLK0 |                                                                                                                                                                    | soc_task_1_i/axi_gpio_11/U0/AXI_LITE_IPIF_I/I_SLAVE_ATTACHMENT/I_DECODER/bus2ip_rnw_i_reg_0                                             |                9 |             32 |         3.56 |
|  soc_task_1_i/processing_system7_0/inst/FCLK_CLK0 | soc_task_1_i/axi_gpio_5/U0/AXI_LITE_IPIF_I/I_SLAVE_ATTACHMENT/I_DECODER/E[0]                                                                                       | soc_task_1_i/axi_gpio_5/U0/AXI_LITE_IPIF_I/I_SLAVE_ATTACHMENT/SR[0]                                                                     |                6 |             32 |         5.33 |
|  soc_task_1_i/processing_system7_0/inst/FCLK_CLK0 | soc_task_1_i/axi_gpio_5/U0/AXI_LITE_IPIF_I/I_SLAVE_ATTACHMENT/s_axi_rresp_i                                                                                        | soc_task_1_i/axi_gpio_5/U0/AXI_LITE_IPIF_I/I_SLAVE_ATTACHMENT/SR[0]                                                                     |                7 |             32 |         4.57 |
|  soc_task_1_i/processing_system7_0/inst/FCLK_CLK0 |                                                                                                                                                                    | soc_task_1_i/axi_gpio_5/U0/AXI_LITE_IPIF_I/I_SLAVE_ATTACHMENT/I_DECODER/bus2ip_rnw_i_reg_0                                              |                8 |             32 |         4.00 |
|  soc_task_1_i/processing_system7_0/inst/FCLK_CLK0 | soc_task_1_i/axi_gpio_11/U0/AXI_LITE_IPIF_I/I_SLAVE_ATTACHMENT/s_axi_rresp_i                                                                                       | soc_task_1_i/axi_gpio_11/U0/AXI_LITE_IPIF_I/I_SLAVE_ATTACHMENT/SR[0]                                                                    |               10 |             32 |         3.20 |
|  soc_task_1_i/processing_system7_0/inst/FCLK_CLK0 | soc_task_1_i/MAC_big_hls_0/U0/i0                                                                                                                                   | soc_task_1_i/MAC_big_hls_0/U0/i[0]_i_1_n_0                                                                                              |                8 |             32 |         4.00 |
|  soc_task_1_i/processing_system7_0/inst/FCLK_CLK0 | soc_task_1_i/axi_gpio_11/U0/AXI_LITE_IPIF_I/I_SLAVE_ATTACHMENT/I_DECODER/E[0]                                                                                      | soc_task_1_i/axi_gpio_11/U0/AXI_LITE_IPIF_I/I_SLAVE_ATTACHMENT/SR[0]                                                                    |                6 |             32 |         5.33 |
|  soc_task_1_i/processing_system7_0/inst/FCLK_CLK0 | soc_task_1_i/MAC_small_hls_0/U0/i0                                                                                                                                 | soc_task_1_i/MAC_small_hls_0/U0/i[0]_i_1_n_0                                                                                            |                8 |             32 |         4.00 |
|  soc_task_1_i/processing_system7_0/inst/FCLK_CLK0 | soc_task_1_i/axi_interconnect_0/s00_couplers/auto_pc/inst/gen_axilite.gen_b2s_conv.axilite_b2s/RD.r_channel_0/rd_data_fifo_0/wr_en0                                |                                                                                                                                         |                9 |             34 |         3.78 |
|  soc_task_1_i/processing_system7_0/inst/FCLK_CLK0 | soc_task_1_i/axi_interconnect_0/xbar/inst/gen_sasd.crossbar_sasd_0/addr_arbiter_inst/E[0]                                                                          |                                                                                                                                         |                7 |             35 |         5.00 |
|  soc_task_1_i/processing_system7_0/inst/FCLK_CLK0 |                                                                                                                                                                    | soc_task_1_i/axi_gpio_5/U0/AXI_LITE_IPIF_I/I_SLAVE_ATTACHMENT/SR[0]                                                                     |               14 |             47 |         3.36 |
|  soc_task_1_i/processing_system7_0/inst/FCLK_CLK0 |                                                                                                                                                                    | soc_task_1_i/axi_gpio_11/U0/AXI_LITE_IPIF_I/I_SLAVE_ATTACHMENT/SR[0]                                                                    |               14 |             47 |         3.36 |
|  soc_task_1_i/processing_system7_0/inst/FCLK_CLK0 | soc_task_1_i/axi_interconnect_0/s00_couplers/auto_pc/inst/gen_axilite.gen_b2s_conv.axilite_b2s/SI_REG/r.r_pipe/s_ready_i_reg_0                                     |                                                                                                                                         |                8 |             47 |         5.88 |
|  soc_task_1_i/processing_system7_0/inst/FCLK_CLK0 | soc_task_1_i/axi_interconnect_0/s00_couplers/auto_pc/inst/gen_axilite.gen_b2s_conv.axilite_b2s/SI_REG/r.r_pipe/p_1_in                                              |                                                                                                                                         |                7 |             47 |         6.71 |
|  soc_task_1_i/processing_system7_0/inst/FCLK_CLK0 | soc_task_1_i/axi_interconnect_0/s00_couplers/auto_pc/inst/gen_axilite.gen_b2s_conv.axilite_b2s/RD.ar_channel_0/ar_cmd_fsm_0/m_valid_i_reg_1[0]                     |                                                                                                                                         |               11 |             48 |         4.36 |
|  soc_task_1_i/processing_system7_0/inst/FCLK_CLK0 | soc_task_1_i/axi_interconnect_0/s00_couplers/auto_pc/inst/gen_axilite.gen_b2s_conv.axilite_b2s/SI_REG/aw.aw_pipe/s_ready_i_reg_0                                   |                                                                                                                                         |               10 |             48 |         4.80 |
|  soc_task_1_i/processing_system7_0/inst/FCLK_CLK0 | soc_task_1_i/axi_interconnect_0/s00_couplers/auto_pc/inst/gen_axilite.gen_b2s_conv.axilite_b2s/WR.b_channel_0/bid_fifo_0/E[0]                                      |                                                                                                                                         |                9 |             48 |         5.33 |
|  soc_task_1_i/processing_system7_0/inst/FCLK_CLK0 | soc_task_1_i/axi_interconnect_0/s00_couplers/auto_pc/inst/gen_axilite.gen_b2s_conv.axilite_b2s/SI_REG/ar.ar_pipe/s_ready_i_reg_0                                   |                                                                                                                                         |               11 |             48 |         4.36 |
|  soc_task_1_i/processing_system7_0/inst/FCLK_CLK0 |                                                                                                                                                                    |                                                                                                                                         |              156 |            606 |         3.88 |
+---------------------------------------------------+--------------------------------------------------------------------------------------------------------------------------------------------------------------------+-----------------------------------------------------------------------------------------------------------------------------------------+------------------+----------------+--------------+


